<?xml version="1.0" encoding="UTF-8" standalone="yes"?><!DOCTYPE report PUBLIC
  "-//JACOCO//DTD Report 1.1//EN" "report.dtd">
<report name="singleton">
  <counter covered="155" missed="8" type="INSTRUCTION"/>
  <counter covered="9" missed="3" type="BRANCH"/>
  <counter covered="50" missed="2" type="LINE"/>
  <counter covered="15" missed="4" type="COMPLEXITY"/>
  <counter type="METHOD"
  <package name="com/iluwatar/singleton">
    <class name="com/iluwatar/singleton/ThreadSafeLazyLoadedIvoryTower"
      sourcefilename="ThreadSafeLazyLoadedIvoryTower.java">
      <counter covered="22" missed="5" type="INSTRUCTION"/>
      <counter covered="4" missed="2" type="BRANCH"/>
      <counter covered="9" missed="1" type="LINE"/>
      <counter covered="3" missed="2" type="COMPLEXITY"/>
      <counter covered="2" missed="0" type="METHOD"/>
      <counter covered="1" missed="0" type="CLASS"/>
      <method desc="()V" line="58" name="&lt;init&gt;">
        <counter covered="5" missed="5" type="INSTRUCTION"/>
        <counter covered="1" missed="1" type="BRANCH"/>
        <counter covered="3" missed="1" type="LINE"/>
        <counter covered="1" missed="1" type="COMPLEXITY"/>
        <counter covered="1" missed="0" type="METHOD"/>
      </method>
      <method desc="()Lcom/iluwatar/singleton/ThreadSafeLazyLoadedIvoryTower;" line="69"
        name="getInstance">
        <counter covered="17" missed="0" type="INSTRUCTION"/>
        <counter covered="3" missed="1" type="BRANCH"/>
        <counter covered="6" missed="0" type="LINE"/>
        <counter covered="2" missed="1" type="COMPLEXITY"/>
        <counter covered="1" missed="0" type="METHOD"/>
      </method>
    </class>
    <class name="com/iluwatar/singleton/InitializingOnDemandHolderIdiom$HelperHolder"
      sourcefilename="InitializingOnDemandHolderIdiom.java">
      <counter covered="5" missed="0" type="INSTRUCTION"/>
      <counter covered="1" missed="0" type="LINE"/>
      <counter covered="1" missed="0" type="COMPLEXITY"/>
      <counter covered="1" missed="0" type="METHOD"/>
      <counter covered="1" missed="0" type="CLASS"/>
      <method desc="()V" line="83" name="&lt;clinit&gt;">
        <counter covered="5" missed="0" type="INSTRUCTION"/>
        <counter covered="1" missed="0" type="LINE"/>
        <counter covered="1" missed="0" type="COMPLEXITY"/>
        <counter covered="1" missed="0" type="METHOD"/>
      </method>
    </class>
    <class name="com/iluwatar/singleton/IvoryTower" sourcefilename="IvoryTower.java">
      <counter covered="7" missed="0" type="INSTRUCTION"/>
      <counter covered="2" missed="0" type="LINE"/>
      <counter covered="2" missed="0" type="COMPLEXITY"/>
      <counter covered="2" missed="0" type="METHOD"/>
      <counter covered="1" missed="0" type="CLASS"/>
      <method desc="()V" line="63" name="&lt;clinit&gt;">
        <counter covered="5" missed="0" type="INSTRUCTION"/>
        <counter covered="1" missed="0" type="LINE"/>
        <counter covered="1" missed="0" type="COMPLEXITY"/>
        <counter covered="1" missed="0" type="METHOD"/>
      </method>
      <method desc="()Lcom/iluwatar/singleton/IvoryTower;" line="71" name="getInstance">
        <counter covered="2" missed="0" type="INSTRUCTION"/>
        <counter covered="1" missed="0" type="LINE"/>
        <counter covered="1" missed="0" type="COMPLEXITY"/>
        <counter covered="1" missed="0" type="METHOD"/>
      </method>
    </class>
    <class name="com/iluwatar/singleton/App" sourcefilename="App.java">
      <counter covered="65" missed="3" type="INSTRUCTION"/>
      <counter covered="22" missed="1" type="LINE"/>
      <counter covered="2" missed="1" type="COMPLEXITY"/>
      <counter covered="2" missed="1" type="METHOD"/>
      <counter covered="1" missed="0" type="CLASS"/>
      <method desc="()V" line="86" name="&lt;clinit&gt;">
        <counter covered="4" missed="0" type="INSTRUCTION"/>
        <counter covered="1" missed="0" type="LINE"/>
        <counter covered="1" missed="0" type="COMPLEXITY"/>
        <counter covered="1" missed="0" type="METHOD"/>
      </method>
      <method desc="()V" line="87" name="&lt;init&gt;">
        <counter covered="0" missed="3" type="INSTRUCTION"/>
        <counter covered="0" missed="1" type="LINE"/>
        <counter covered="0" missed="1" type="COMPLEXITY"/>
        <counter covered="0" missed="1" type="METHOD"/>
      </method>
      <method desc="([Ljava/lang/String;)V" line="97" name="main">
        <counter covered="61" missed="0" type="INSTRUCTION"/>
        <counter covered="21" missed="0" type="LINE"/>
        <counter covered="1" missed="0" type="COMPLEXITY"/>
        <counter covered="1" missed="0" type="METHOD"/>
      </method>
    </class>
    <class name="com/iluwatar/singleton/EnumIvoryTower" sourcefilename="EnumIvoryTower.java">
      <counter covered="21" missed="0" type="INSTRUCTION"/>
      <counter covered="3" missed="0" type="LINE"/>
      <counter covered="2" missed="0" type="COMPLEXITY"/>
      <counter covered="2" missed="0" type="METHOD"/>
      <counter covered="1" missed="0" type="CLASS"/>
      <method desc="()V" line="55" name="&lt;clinit&gt;">
        <counter covered="14" missed="0" type="INSTRUCTION"/>
        <counter covered="2" missed="0" type="LINE"/>
        <counter covered="1" missed="0" type="COMPLEXITY"/>
        <counter covered="1" missed="0" type="METHOD"/>
      </method>
      <method desc="()Ljava/lang/String;" line="61" name="toString">
        <counter covered="7" missed="0" type="INSTRUCTION"/>
        <counter covered="1" missed="0" type="LINE"/>
        <counter covered="1" missed="0" type="COMPLEXITY"/>
        <counter covered="1" missed="0" type="METHOD"/>
      </method>
    </class>
    <class name="com/iluwatar/singleton/InitializingOnDemandHolderIdiom"
      sourcefilename="InitializingOnDemandHolderIdiom.java">
      <counter covered="2" missed="0" type="INSTRUCTION"/>
      <counter covered="1" missed="0" type="LINE"/>
      <counter covered="1" missed="0" type="COMPLEXITY"/>
      <counter covered="1" missed="0" type="METHOD"/>
      <counter covered="1" missed="0" type="CLASS"/>
      <method desc="()Lcom/iluwatar/singleton/InitializingOnDemandHolderIdiom;" line="76"
        name="getInstance">
        <counter covered="2" missed="0" type="INSTRUCTION"/>
        <counter covered="1" missed="0" type="LINE"/>
        <counter covered="1" missed="0" type="COMPLEXITY"/>
        <counter covered="1" missed="0" type="METHOD"/>
      </method>
    </class>
    <class name="com/iluwatar/singleton/ThreadSafeDoubleCheckLocking"
      sourcefilename="ThreadSafeDoubleCheckLocking.java">
      <counter covered="33" missed="0" type="INSTRUCTION"/>
      <counter covered="5" missed="1" type="BRANCH"/>
      <counter covered="12" missed="0" type="LINE"/>
      <counter covered="4" missed="1" type="COMPLEXITY"/>
      <counter covered="2" missed="0" type="METHOD"/>
      <counter covered="1" missed="0" type="CLASS"/>
      <method desc="()V" line="65" name="&lt;init&gt;">
        <counter covered="10" missed="0" type="INSTRUCTION"/>
        <counter covered="2" missed="0" type="BRANCH"/>
        <counter covered="4" missed="0" type="LINE"/>
        <counter covered="2" missed="0" type="COMPLEXITY"/>
        <counter covered="1" missed="0" type="METHOD"/>
      </method>
      <method desc="()Lcom/iluwatar/singleton/ThreadSafeDoubleCheckLocking;" line="81"
        name="getInstance">
        <counter covered="23" missed="0" type="INSTRUCTION"/>
        <counter covered="3" missed="1" type="BRANCH"/>
        <counter covered="8" missed="0" type="LINE"/>
        <counter covered="2" missed="1" type="COMPLEXITY"/>
        <counter covered="1" missed="0" type="METHOD"/>
      </method>
    </class>
    <counter covered="155" missed="8" type="INSTRUCTION"/>
    <counter covered="9" missed="3" type="BRANCH"/>
    <counter covered="50" missed="2" type="LINE"/>
    <counter covered="15" missed="4" type="COMPLEXITY"/>
    <counter covered="12" missed="1" type="METHOD"/>
    <counter covered="7" missed="0" type="CLASS"/>
    <sourcefile name="EnumIvoryTower.java">
      <counter covered="21" missed="0" type="INSTRUCTION"/>
      <counter covered="3" missed="0" type="LINE"/>
      <counter covered="2" missed="0" type="COMPLEXITY"/>
      <counter covered="2" missed="0" type="METHOD"/>
      <counter covered="1" missed="0" type="CLASS"/>
      <line cb="0" ci="7" mb="0" mi="0" nr="61"/>
      <line cb="0" ci="8" mb="0" mi="0" nr="55"/>
      <line cb="0" ci="6" mb="0" mi="0" nr="57"/>
    </sourcefile>
    <sourcefile name="ThreadSafeDoubleCheckLocking.java">
      <counter covered="33" missed="0" type="INSTRUCTION"/>
      <counter covered="5" missed="1" type="BRANCH"/>
      <counter covered="12" missed="0" type="LINE"/>
      <counter covered="4" missed="1" type="COMPLEXITY"/>
      <counter covered="2" missed="0" type="METHOD"/>
      <counter covered="1" missed="0" type="CLASS"/>
      <line cb="0" ci="2" mb="0" mi="0" nr="65"/>
      <line cb="2" ci="2" mb="0" mi="0" nr="67"/>
      <line cb="0" ci="5" mb="0" mi="0" nr="68"/>
      <line cb="0" ci="1" mb="0" mi="0" nr="70"/>
      <line cb="0" ci="2" mb="0" mi="0" nr="81"/>
      <line cb="2" ci="2" mb="0" mi="0" nr="84"/>
      <line cb="0" ci="4" mb="0" mi="0" nr="88"/>
      <line cb="0" ci="2" mb="0" mi="0" nr="93"/>
      <line cb="1" ci="2" mb="1" mi="0" nr="94"/>
      <line cb="0" ci="6" mb="0" mi="0" nr="98"/>
      <line cb="0" ci="3" mb="0" mi="0" nr="100"/>
      <line cb="0" ci="2" mb="0" mi="0" nr="102"/>
    </sourcefile>
    <sourcefile name="InitializingOnDemandHolderIdiom.java">
      <counter covered="7" missed="0" type="INSTRUCTION"/>
      <counter covered="2" missed="0" type="LINE"/>
      <counter covered="2" missed="0" type="COMPLEXITY"/>
      <counter covered="2" missed="0" type="METHOD"/>
      <counter covered="2" missed="0" type="CLASS"/>
      <line cb="0" ci="5" mb="0" mi="0" nr="83"/>
      <line cb="0" ci="2" mb="0" mi="0" nr="76"/>
    </sourcefile>
    <sourcefile name="IvoryTower.java">
      <counter covered="7" missed="0" type="INSTRUCTION"/>
      <counter covered="2" missed="0" type="LINE"/>
      <counter covered="2" missed="0" type="COMPLEXITY"/>
      <counter covered="2" missed="0" type="METHOD"/>
      <counter covered="1" missed="0" type="CLASS"/>
      <line cb="0" ci="2" mb="0" mi="0" nr="71"/>
      <line cb="0" ci="5" mb="0" mi="0" nr="63"/>
    </sourcefile>
    <sourcefile name="App.java">
      <counter covered="65" missed="3" type="INSTRUCTION"/>
      <counter covered="22" missed="1" type="LINE"/>
      <counter covered="2" missed="1" type="COMPLEXITY"/>
      <counter covered="2" missed="1" type="METHOD"/>
      <counter covered="1" missed="0" type="CLASS"/>
      <line cb="0" ci="4" mb="0" mi="0" nr="86"/>
      <line cb="0" ci="0" mb="0" mi="3" nr="87"/>
      <line cb="0" ci="2" mb="0" mi="0" nr="97"/>
      <line cb="0" ci="2" mb="0" mi="0" nr="98"/>
      <line cb="0" ci="4" mb="0" mi="0" nr="99"/>
      <line cb="0" ci="4" mb="0" mi="0" nr="100"/>
      <line cb="0" ci="2" mb="0" mi="0" nr="103"/>
      <line cb="0" ci="2" mb="0" mi="0" nr="104"/>
      <line cb="0" ci="4" mb="0" mi="0" nr="105"/>
      <line cb="0" ci="4" mb="0" mi="0" nr="106"/>
      <line cb="0" ci="2" mb="0" mi="0" nr="109"/>
      <line cb="0" ci="2" mb="0" mi="0" nr="110"/>
      <line cb="0" ci="4" mb="0" mi="0" nr="111"/>
      <line cb="0" ci="4" mb="0" mi="0" nr="112"/>
      <line cb="0" ci="2" mb="0" mi="0" nr="115"/>
      <line cb="0" ci="4" mb="0" mi="0" nr="116"/>
      <line cb="0" ci="2" mb="0" mi="0" nr="117"/>
      <line cb="0" ci="4" mb="0" mi="0" nr="118"/>
      <line cb="0" ci="2" mb="0" mi="0" nr="121"/>
      <line cb="0" ci="4" mb="0" mi="0" nr="122"/>
      <line cb="0" ci="2" mb="0" mi="0" nr="123"/>
      <line cb="0" ci="4" mb="0" mi="0" nr="124"/>
      <line cb="0" ci="1" mb="0" mi="0" nr="125"/>
    </sourcefile>
    <sourcefile name="ThreadSafeLazyLoadedIvoryTower.java">
      <counter covered="22" missed="5" type="INSTRUCTION"/>
      <counter covered="4" missed="2" type="BRANCH"/>
      <counter covered="9" missed="1" type="LINE"/>
      <counter covered="3" missed="2" type="COMPLEXITY"/>
      <counter covered="2" missed="0" type="METHOD"/>
      <counter covered="1" missed="0" type="CLASS"/>
      <line cb="0" ci="2" mb="0" mi="0" nr="58"/>
      <line cb="1" ci="2" mb="1" mi="0" nr="60"/>
      <line cb="0" ci="0" mb="0" mi="5" nr="61"/>
      <line cb="0" ci="1" mb="0" mi="0" nr="63"/>
      <line cb="2" ci="2" mb="0" mi="0" nr="69"/>
      <line cb="0" ci="4" mb="0" mi="0" nr="70"/>
      <line cb="1" ci="2" mb="1" mi="0" nr="71"/>
      <line cb="0" ci="4" mb="0" mi="0" nr="72"/>
      <line cb="0" ci="3" mb="0" mi="0" nr="74"/>
      <line cb="0" ci="2" mb="0" mi="0" nr="76"/>
    </sourcefile>
  </package>
  <sessioninfo dump="1650144294786" id="TBN00919-6ffb55a1" start="1650144292870"/>
  <sessioninfo dump="1650184223664" id="TBN00919-29b8e40b" start="1650184209551"/>
