<?xml version="1.0" encoding="UTF-8"?>
<testsuite xmlns:xsi="http://www.w3.org/2001/XMLSchema-instance"
  errors="0"
  failures="0" name="com.iluwatar.singleton.EnumIvoryTowerTest" skipped="0" tests="2" time="0.199"
  version="3.0" xsi:noNamespaceSchemaLocation="https://maven.apache.org/surefire/maven-surefire-plugin/xsd/surefire-test-report-3.0.xsd">
  <properties>
[...]
</properties>
  <testcase classname="com.iluwatar.singleton.EnumIvoryTowerTest"
    name="testMultipleCallsReturnTheSameObjectInDifferentThreads" time="0.163"/>
  <testcase classname="com.iluwatar.singleton.EnumIvoryTowerTest"
    name="testMultipleCallsReturnTheSameObjectInSameThread" time="0.001"/>
</testsuite>
